# JRE version: OpenJDK Runtime Environment Temurin-21.0.11+10 (21.0.11+10) (build 21.0.11+10-LTS)
# Java VM: OpenJDK 64-Bit Server VM Temurin-21.0.11+10 (21.0.11+10-LTS, mixed mode, sharing, tiered, compressed oops, compressed class ptrs, parallel gc, windows-amd64)
GC Precious Log:
 CardTable entry size: 512
 CPUs: 8 total, 8 available
 Memory: 7975M
 Large Page Support: Disabled
 NUMA Support: Disabled
 Compressed Oops: Enabled (32-bit)
 Alignments: Space 512K, Generation 512K, Heap 2M
 Heap Min Capacity: 100M
 Heap Initial Capacity: 100M
 Heap Max Capacity: 2G
 Pre-touch: Disabled
 Parallel Workers: 8
Heap:
 PSYoungGen      total 20992K, used 13657K [0x00000000d5580000, 0x00000000d6b80000, 0x0000000100000000)
  eden space 20480K, 64% used [0x00000000d5580000,0x00000000d62567f0,0x00000000d6980000)
  from space 512K, 100% used [0x00000000d6a80000,0x00000000d6b00000,0x00000000d6b00000)
  to   space 512K, 0% used [0x00000000d6b00000,0x00000000d6b00000,0x00000000d6b80000)
 ParOldGen       total 1040384K, used 1040171K [0x0000000080000000, 0x00000000bf800000, 0x00000000d5580000)
  object space 1040384K, 99% used [0x0000000080000000,0x00000000bf7cacb0,0x00000000bf800000)
 Metaspace       used 76893K, committed 78592K, reserved 1179648K
  class space    used 8138K, committed 8896K, reserved 1048576K
GC Heap History (20 events):
Event: 139.119 GC heap before
{Heap before GC invocations=1587 (full 3):
 PSYoungGen      total 22016K, used 20846K [0x00000000d5580000, 0x00000000d6e00000, 0x0000000100000000)
  eden space 20480K, 95% used [0x00000000d5580000,0x00000000d68a5370,0x00000000d6980000)
  from space 1536K, 80% used [0x00000000d6a00000,0x00000000d6b36738,0x00000000d6b80000)
  to   space 2048K, 0% used [0x00000000d6c00000,0x00000000d6c00000,0x00000000d6e00000)
 ParOldGen       total 1035776K, used 1035678K [0x0000000080000000, 0x00000000bf380000, 0x00000000d5580000)
  object space 1035776K, 99% used [0x0000000080000000,0x00000000bf367930,0x00000000bf380000)
 Metaspace       used 75923K, committed 77632K, reserved 1179648K
  class space    used 8081K, committed 8832K, reserved 1048576K
}
Event: 139.127 GC heap after
{Heap after GC invocations=1587 (full 3):
 PSYoungGen      total 21504K, used 784K [0x00000000d5580000, 0x00000000d6d00000, 0x0000000100000000)
  eden space 20480K, 0% used [0x00000000d5580000,0x00000000d5580000,0x00000000d6980000)
  from space 1024K, 76% used [0x00000000d6c00000,0x00000000d6cc4010,0x00000000d6d00000)
  to   space 1536K, 0% used [0x00000000d6a00000,0x00000000d6a00000,0x00000000d6b80000)
 ParOldGen       total 1035776K, used 1035702K [0x0000000080000000, 0x00000000bf380000, 0x00000000d5580000)
  object space 1035776K, 99% used [0x0000000080000000,0x00000000bf36d930,0x00000000bf380000)
 Metaspace       used 75923K, committed 77632K, reserved 1179648K
  class space    used 8081K, committed 8832K, reserved 1048576K
}
Event: 139.357 GC heap before
{Heap before GC invocations=1588 (full 3):
 PSYoungGen      total 21504K, used 21264K [0x00000000d5580000, 0x00000000d6d00000, 0x0000000100000000)
  eden space 20480K, 100% used [0x00000000d5580000,0x00000000d6980000,0x00000000d6980000)
  from space 1024K, 76% used [0x00000000d6c00000,0x00000000d6cc4010,0x00000000d6d00000)
  to   space 1536K, 0% used [0x00000000d6a00000,0x00000000d6a00000,0x00000000d6b80000)
 ParOldGen       total 1035776K, used 1035702K [0x0000000080000000, 0x00000000bf380000, 0x00000000d5580000)
  object space 1035776K, 99% used [0x0000000080000000,0x00000000bf36d930,0x00000000bf380000)
 Metaspace       used 76085K, committed 77760K, reserved 1179648K
  class space    used 8087K, committed 8832K, reserved 1048576K
}
Event: 139.364 GC heap after
{Heap after GC invocations=1588 (full 3):
 PSYoungGen      total 22016K, used 1248K [0x00000000d5580000, 0x00000000d6c80000, 0x0000000100000000)
  eden space 20480K, 0% used [0x00000000d5580000,0x00000000d5580000,0x00000000d6980000)
  from space 1536K, 81% used [0x00000000d6a00000,0x00000000d6b38000,0x00000000d6b80000)
  to   space 1024K, 0% used [0x00000000d6b80000,0x00000000d6b80000,0x00000000d6c80000)
 ParOldGen       total 1036800K, used 1036342K [0x0000000080000000, 0x00000000bf480000, 0x00000000d5580000)
  object space 1036800K, 99% used [0x0000000080000000,0x00000000bf40db58,0x00000000bf480000)
 Metaspace       used 76085K, committed 77760K, reserved 1179648K
  class space    used 8087K, committed 8832K, reserved 1048576K
}
Event: 139.522 GC heap before
{Heap before GC invocations=1589 (full 3):
 PSYoungGen      total 22016K, used 21721K [0x00000000d5580000, 0x00000000d6c80000, 0x0000000100000000)
  eden space 20480K, 99% used [0x00000000d5580000,0x00000000d697e500,0x00000000d6980000)
  from space 1536K, 81% used [0x00000000d6a00000,0x00000000d6b38000,0x00000000d6b80000)
  to   space 1024K, 0% used [0x00000000d6b80000,0x00000000d6b80000,0x00000000d6c80000)
 ParOldGen       total 1036800K, used 1036342K [0x0000000080000000, 0x00000000bf480000, 0x00000000d5580000)
  object space 1036800K, 99% used [0x0000000080000000,0x00000000bf40db58,0x00000000bf480000)
 Metaspace       used 76197K, committed 77888K, reserved 1179648K
  class space    used 8088K, committed 8832K, reserved 1048576K
}
Event: 139.528 GC heap after
{Heap after GC invocations=1589 (full 3):
 PSYoungGen      total 21504K, used 607K [0x00000000d5580000, 0x00000000d6c80000, 0x0000000100000000)
  eden space 20480K, 0% used [0x00000000d5580000,0x00000000d5580000,0x00000000d6980000)
  from space 1024K, 59% used [0x00000000d6b80000,0x00000000d6c17d98,0x00000000d6c80000)
  to   space 1024K, 0% used [0x00000000d6a80000,0x00000000d6a80000,0x00000000d6b80000)
 ParOldGen       total 1039360K, used 1038926K [0x0000000080000000, 0x00000000bf700000, 0x00000000d5580000)
  object space 1039360K, 99% used [0x0000000080000000,0x00000000bf6939c0,0x00000000bf700000)
 Metaspace       used 76197K, committed 77888K, reserved 1179648K
  class space    used 8088K, committed 8832K, reserved 1048576K
}
Event: 139.817 GC heap before
{Heap before GC invocations=1590 (full 3):
 PSYoungGen      total 21504K, used 21087K [0x00000000d5580000, 0x00000000d6c80000, 0x0000000100000000)
  eden space 20480K, 100% used [0x00000000d5580000,0x00000000d6980000,0x00000000d6980000)
  from space 1024K, 59% used [0x00000000d6b80000,0x00000000d6c17d98,0x00000000d6c80000)
  to   space 1024K, 0% used [0x00000000d6a80000,0x00000000d6a80000,0x00000000d6b80000)
 ParOldGen       total 1039360K, used 1038926K [0x0000000080000000, 0x00000000bf700000, 0x00000000d5580000)
  object space 1039360K, 99% used [0x0000000080000000,0x00000000bf6939c0,0x00000000bf700000)
 Metaspace       used 76275K, committed 77952K, reserved 1179648K
  class space    used 8090K, committed 8832K, reserved 1048576K
}
Event: 139.830 GC heap after
{Heap after GC invocations=1590 (full 3):
 PSYoungGen      total 21504K, used 832K [0x00000000d5580000, 0x00000000d6c00000, 0x0000000100000000)
  eden space 20480K, 0% used [0x00000000d5580000,0x00000000d5580000,0x00000000d6980000)
  from space 1024K, 81% used [0x00000000d6a80000,0x00000000d6b50000,0x00000000d6b80000)
  to   space 512K, 0% used [0x00000000d6b80000,0x00000000d6b80000,0x00000000d6c00000)
 ParOldGen       total 1039360K, used 1039323K [0x0000000080000000, 0x00000000bf700000, 0x00000000d5580000)
  object space 1039360K, 99% used [0x0000000080000000,0x00000000bf6f6cb0,0x00000000bf700000)
 Metaspace       used 76275K, committed 77952K, reserved 1179648K
  class space    used 8090K, committed 8832K, reserved 1048576K
}
Event: 140.113 GC heap before
{Heap before GC invocations=1591 (full 3):
 PSYoungGen      total 21504K, used 19866K [0x00000000d5580000, 0x00000000d6c00000, 0x0000000100000000)
  eden space 20480K, 92% used [0x00000000d5580000,0x00000000d6816a30,0x00000000d6980000)
  from space 1024K, 81% used [0x00000000d6a80000,0x00000000d6b50000,0x00000000d6b80000)
  to   space 512K, 0% used [0x00000000d6b80000,0x00000000d6b80000,0x00000000d6c00000)
 ParOldGen       total 1039360K, used 1039323K [0x0000000080000000, 0x00000000bf700000, 0x00000000d5580000)
  object space 1039360K, 99% used [0x0000000080000000,0x00000000bf6f6cb0,0x00000000bf700000)
 Metaspace       used 76595K, committed 78272K, reserved 1179648K
  class space    used 8119K, committed 8832K, reserved 1048576K
}
Event: 140.118 GC heap after
{Heap after GC invocations=1591 (full 3):
 PSYoungGen      total 20992K, used 352K [0x00000000d5580000, 0x00000000d6c00000, 0x0000000100000000)
  eden space 20480K, 0% used [0x00000000d5580000,0x00000000d5580000,0x00000000d6980000)
  from space 512K, 68% used [0x00000000d6b80000,0x00000000d6bd8000,0x00000000d6c00000)
  to   space 1024K, 0% used [0x00000000d6a00000,0x00000000d6a00000,0x00000000d6b00000)
 ParOldGen       total 1039872K, used 1039379K [0x0000000080000000, 0x00000000bf780000, 0x00000000d5580000)
  object space 1039872K, 99% used [0x0000000080000000,0x00000000bf704cb0,0x00000000bf780000)
 Metaspace       used 76595K, committed 78272K, reserved 1179648K
  class space    used 8119K, committed 8832K, reserved 1048576K
}
Event: 140.375 GC heap before
{Heap before GC invocations=1592 (full 3):
 PSYoungGen      total 20992K, used 20832K [0x00000000d5580000, 0x00000000d6c00000, 0x0000000100000000)
  eden space 20480K, 100% used [0x00000000d5580000,0x00000000d6980000,0x00000000d6980000)
  from space 512K, 68% used [0x00000000d6b80000,0x00000000d6bd8000,0x00000000d6c00000)
  to   space 1024K, 0% used [0x00000000d6a00000,0x00000000d6a00000,0x00000000d6b00000)
 ParOldGen       total 1039872K, used 1039379K [0x0000000080000000, 0x00000000bf780000, 0x00000000d5580000)
  object space 1039872K, 99% used [0x0000000080000000,0x00000000bf704cb0,0x00000000bf780000)
 Metaspace       used 76626K, committed 78272K, reserved 1179648K
  class space    used 8120K, committed 8832K, reserved 1048576K
}
Event: 140.379 GC heap after
{Heap after GC invocations=1592 (full 3):
 PSYoungGen      total 21504K, used 864K [0x00000000d5580000, 0x00000000d6c00000, 0x0000000100000000)
  eden space 20480K, 0% used [0x00000000d5580000,0x00000000d5580000,0x00000000d6980000)
  from space 1024K, 84% used [0x00000000d6a00000,0x00000000d6ad8000,0x00000000d6b00000)
  to   space 1024K, 0% used [0x00000000d6b00000,0x00000000d6b00000,0x00000000d6c00000)
 ParOldGen       total 1039872K, used 1039435K [0x0000000080000000, 0x00000000bf780000, 0x00000000d5580000)
  object space 1039872K, 99% used [0x0000000080000000,0x00000000bf712cb0,0x00000000bf780000)
 Metaspace       used 76626K, committed 78272K, reserved 1179648K
  class space    used 8120K, committed 8832K, reserved 1048576K
}
Event: 140.602 GC heap before
{Heap before GC invocations=1593 (full 3):
 PSYoungGen      total 21504K, used 20762K [0x00000000d5580000, 0x00000000d6c00000, 0x0000000100000000)
  eden space 20480K, 97% used [0x00000000d5580000,0x00000000d68ee928,0x00000000d6980000)
  from space 1024K, 84% used [0x00000000d6a00000,0x00000000d6ad8000,0x00000000d6b00000)
  to   space 1024K, 0% used [0x00000000d6b00000,0x00000000d6b00000,0x00000000d6c00000)
 ParOldGen       total 1039872K, used 1039435K [0x0000000080000000, 0x00000000bf780000, 0x00000000d5580000)
  object space 1039872K, 99% used [0x0000000080000000,0x00000000bf712cb0,0x00000000bf780000)
 Metaspace       used 76662K, committed 78336K, reserved 1179648K
  class space    used 8120K, committed 8832K, reserved 1048576K
}
Event: 140.608 GC heap after
{Heap after GC invocations=1593 (full 3):
 PSYoungGen      total 20992K, used 320K [0x00000000d5580000, 0x00000000d6b80000, 0x0000000100000000)
  eden space 20480K, 0% used [0x00000000d5580000,0x00000000d5580000,0x00000000d6980000)
  from space 512K, 62% used [0x00000000d6b00000,0x00000000d6b50000,0x00000000d6b80000)
  to   space 1024K, 0% used [0x00000000d6980000,0x00000000d6980000,0x00000000d6a80000)
 ParOldGen       total 1039872K, used 1039475K [0x0000000080000000, 0x00000000bf780000, 0x00000000d5580000)
  object space 1039872K, 99% used [0x0000000080000000,0x00000000bf71ccb0,0x00000000bf780000)
 Metaspace       used 76662K, committed 78336K, reserved 1179648K
  class space    used 8120K, committed 8832K, reserved 1048576K
}
Event: 140.960 GC heap before
{Heap before GC invocations=1594 (full 3):
 PSYoungGen      total 20992K, used 20800K [0x00000000d5580000, 0x00000000d6b80000, 0x0000000100000000)
  eden space 20480K, 100% used [0x00000000d5580000,0x00000000d6980000,0x00000000d6980000)
  from space 512K, 62% used [0x00000000d6b00000,0x00000000d6b50000,0x00000000d6b80000)
  to   space 1024K, 0% used [0x00000000d6980000,0x00000000d6980000,0x00000000d6a80000)
 ParOldGen       total 1039872K, used 1039475K [0x0000000080000000, 0x00000000bf780000, 0x00000000d5580000)
  object space 1039872K, 99% used [0x0000000080000000,0x00000000bf71ccb0,0x00000000bf780000)
 Metaspace       used 76684K, committed 78336K, reserved 1179648K
  class space    used 8120K, committed 8832K, reserved 1048576K
}
Event: 140.968 GC heap after
{Heap after GC invocations=1594 (full 3):
 PSYoungGen      total 21504K, used 960K [0x00000000d5580000, 0x00000000d6c80000, 0x0000000100000000)
  eden space 20480K, 0% used [0x00000000d5580000,0x00000000d5580000,0x00000000d6980000)
  from space 1024K, 93% used [0x00000000d6980000,0x00000000d6a70000,0x00000000d6a80000)
  to   space 1536K, 0% used [0x00000000d6b00000,0x00000000d6b00000,0x00000000d6c80000)
 ParOldGen       total 1039872K, used 1039555K [0x0000000080000000, 0x00000000bf780000, 0x00000000d5580000)
  object space 1039872K, 99% used [0x0000000080000000,0x00000000bf730cb0,0x00000000bf780000)
 Metaspace       used 76684K, committed 78336K, reserved 1179648K
  class space    used 8120K, committed 8832K, reserved 1048576K
}
Event: 141.417 GC heap before
{Heap before GC invocations=1595 (full 3):
 PSYoungGen      total 21504K, used 21440K [0x00000000d5580000, 0x00000000d6c80000, 0x0000000100000000)
  eden space 20480K, 100% used [0x00000000d5580000,0x00000000d6980000,0x00000000d6980000)
  from space 1024K, 93% used [0x00000000d6980000,0x00000000d6a70000,0x00000000d6a80000)
  to   space 1536K, 0% used [0x00000000d6b00000,0x00000000d6b00000,0x00000000d6c80000)
 ParOldGen       total 1039872K, used 1039555K [0x0000000080000000, 0x00000000bf780000, 0x00000000d5580000)
  object space 1039872K, 99% used [0x0000000080000000,0x00000000bf730cb0,0x00000000bf780000)
 Metaspace       used 76744K, committed 78464K, reserved 1179648K
  class space    used 8128K, committed 8896K, reserved 1048576K
}
Event: 141.425 GC heap after
{Heap after GC invocations=1595 (full 3):
 PSYoungGen      total 20992K, used 512K [0x00000000d5580000, 0x00000000d6b80000, 0x0000000100000000)
  eden space 20480K, 0% used [0x00000000d5580000,0x00000000d5580000,0x00000000d6980000)
  from space 512K, 100% used [0x00000000d6b00000,0x00000000d6b80000,0x00000000d6b80000)
  to   space 1024K, 0% used [0x00000000d6980000,0x00000000d6980000,0x00000000d6a80000)
 ParOldGen       total 1039872K, used 1039611K [0x0000000080000000, 0x00000000bf780000, 0x00000000d5580000)
  object space 1039872K, 99% used [0x0000000080000000,0x00000000bf73ecb0,0x00000000bf780000)
 Metaspace       used 76744K, committed 78464K, reserved 1179648K
  class space    used 8128K, committed 8896K, reserved 1048576K
}
Event: 141.565 GC heap before
{Heap before GC invocations=1596 (full 3):
 PSYoungGen      total 20992K, used 20074K [0x00000000d5580000, 0x00000000d6b80000, 0x0000000100000000)
  eden space 20480K, 95% used [0x00000000d5580000,0x00000000d689aa58,0x00000000d6980000)
  from space 512K, 100% used [0x00000000d6b00000,0x00000000d6b80000,0x00000000d6b80000)
  to   space 1024K, 0% used [0x00000000d6980000,0x00000000d6980000,0x00000000d6a80000)
 ParOldGen       total 1039872K, used 1039611K [0x0000000080000000, 0x00000000bf780000, 0x00000000d5580000)
  object space 1039872K, 99% used [0x0000000080000000,0x00000000bf73ecb0,0x00000000bf780000)
 Metaspace       used 76799K, committed 78528K, reserved 1179648K
  class space    used 8131K, committed 8896K, reserved 1048576K
}
Event: 141.568 GC heap after
{Heap after GC invocations=1596 (full 3):
 PSYoungGen      total 21504K, used 192K [0x00000000d5580000, 0x00000000d6b80000, 0x0000000100000000)
  eden space 20480K, 0% used [0x00000000d5580000,0x00000000d5580000,0x00000000d6980000)
  from space 1024K, 18% used [0x00000000d6980000,0x00000000d69b0000,0x00000000d6a80000)
  to   space 512K, 0% used [0x00000000d6b00000,0x00000000d6b00000,0x00000000d6b80000)
 ParOldGen       total 1040384K, used 1039915K [0x0000000080000000, 0x00000000bf800000, 0x00000000d5580000)
  object space 1040384K, 99% used [0x0000000080000000,0x00000000bf78acb0,0x00000000bf800000)
 Metaspace       used 76799K, committed 78528K, reserved 1179648K
  class space    used 8131K, committed 8896K, reserved 1048576K
}

