# JRE version: OpenJDK Runtime Environment Temurin-21.0.11+10 (21.0.11+10) (build 21.0.11+10-LTS)
# Java VM: OpenJDK 64-Bit Server VM Temurin-21.0.11+10 (21.0.11+10-LTS, mixed mode, sharing, tiered, compressed oops, compressed class ptrs, parallel gc, windows-amd64)
GC Precious Log:
 CardTable entry size: 512
 CPUs: 8 total, 8 available
 Memory: 7975M
 Large Page Support: Disabled
 NUMA Support: Disabled
 Compressed Oops: Enabled (32-bit)
 Alignments: Space 512K, Generation 512K, Heap 2M
 Heap Min Capacity: 100M
 Heap Initial Capacity: 100M
 Heap Max Capacity: 2G
 Pre-touch: Disabled
 Parallel Workers: 8
Heap:
 PSYoungGen      total 18432K, used 17392K [0x00000000d5580000, 0x00000000d6a00000, 0x0000000100000000)
  eden space 16896K, 94% used [0x00000000d5580000,0x00000000d650fac8,0x00000000d6600000)
  from space 1536K, 94% used [0x00000000d6680000,0x00000000d67ec540,0x00000000d6800000)
  to   space 2048K, 0% used [0x00000000d6800000,0x00000000d6800000,0x00000000d6a00000)
 ParOldGen       total 96768K, used 96623K [0x0000000080000000, 0x0000000085e80000, 0x00000000d5580000)
  object space 96768K, 99% used [0x0000000080000000,0x0000000085e5bc38,0x0000000085e80000)
 Metaspace       used 64851K, committed 66368K, reserved 1114112K
  class space    used 6860K, committed 7488K, reserved 1048576K
GC Heap History (20 events):
Event: 1448.962 GC heap before
{Heap before GC invocations=121 (full 3):
 PSYoungGen      total 19456K, used 19433K [0x00000000d5580000, 0x00000000d6a00000, 0x0000000100000000)
  eden space 18944K, 100% used [0x00000000d5580000,0x00000000d6800000,0x00000000d6800000)
  from space 512K, 95% used [0x00000000d6880000,0x00000000d68fa420,0x00000000d6900000)
  to   space 1024K, 0% used [0x00000000d6900000,0x00000000d6900000,0x00000000d6a00000)
 ParOldGen       total 86528K, used 86338K [0x0000000080000000, 0x0000000085480000, 0x00000000d5580000)
  object space 86528K, 99% used [0x0000000080000000,0x0000000085450840,0x0000000085480000)
 Metaspace       used 58790K, committed 60224K, reserved 1114112K
  class space    used 6311K, committed 6912K, reserved 1048576K
}
Event: 1448.967 GC heap after
{Heap after GC invocations=121 (full 3):
 PSYoungGen      total 19968K, used 512K [0x00000000d5580000, 0x00000000d6a00000, 0x0000000100000000)
  eden space 18944K, 0% used [0x00000000d5580000,0x00000000d5580000,0x00000000d6800000)
  from space 1024K, 50% used [0x00000000d6900000,0x00000000d6980000,0x00000000d6a00000)
  to   space 1024K, 0% used [0x00000000d6800000,0x00000000d6800000,0x00000000d6900000)
 ParOldGen       total 87040K, used 86675K [0x0000000080000000, 0x0000000085500000, 0x00000000d5580000)
  object space 87040K, 99% used [0x0000000080000000,0x00000000854a4c40,0x0000000085500000)
 Metaspace       used 58790K, committed 60224K, reserved 1114112K
  class space    used 6311K, committed 6912K, reserved 1048576K
}
Event: 1449.727 GC heap before
{Heap before GC invocations=122 (full 3):
 PSYoungGen      total 19968K, used 19456K [0x00000000d5580000, 0x00000000d6a00000, 0x0000000100000000)
  eden space 18944K, 100% used [0x00000000d5580000,0x00000000d6800000,0x00000000d6800000)
  from space 1024K, 50% used [0x00000000d6900000,0x00000000d6980000,0x00000000d6a00000)
  to   space 1024K, 0% used [0x00000000d6800000,0x00000000d6800000,0x00000000d6900000)
 ParOldGen       total 87040K, used 86675K [0x0000000080000000, 0x0000000085500000, 0x00000000d5580000)
  object space 87040K, 99% used [0x0000000080000000,0x00000000854a4c40,0x0000000085500000)
 Metaspace       used 59507K, committed 60928K, reserved 1114112K
  class space    used 6380K, committed 6976K, reserved 1048576K
}
Event: 1449.730 GC heap after
{Heap after GC invocations=122 (full 3):
 PSYoungGen      total 19968K, used 1024K [0x00000000d5580000, 0x00000000d6d00000, 0x0000000100000000)
  eden space 18944K, 0% used [0x00000000d5580000,0x00000000d5580000,0x00000000d6800000)
  from space 1024K, 100% used [0x00000000d6800000,0x00000000d6900000,0x00000000d6900000)
  to   space 2560K, 0% used [0x00000000d6a80000,0x00000000d6a80000,0x00000000d6d00000)
 ParOldGen       total 87552K, used 87511K [0x0000000080000000, 0x0000000085580000, 0x00000000d5580000)
  object space 87552K, 99% used [0x0000000080000000,0x0000000085575c60,0x0000000085580000)
 Metaspace       used 59507K, committed 60928K, reserved 1114112K
  class space    used 6380K, committed 6976K, reserved 1048576K
}
Event: 1450.007 GC heap before
{Heap before GC invocations=123 (full 3):
 PSYoungGen      total 19968K, used 19938K [0x00000000d5580000, 0x00000000d6d00000, 0x0000000100000000)
  eden space 18944K, 99% used [0x00000000d5580000,0x00000000d67f8ab8,0x00000000d6800000)
  from space 1024K, 100% used [0x00000000d6800000,0x00000000d6900000,0x00000000d6900000)
  to   space 2560K, 0% used [0x00000000d6a80000,0x00000000d6a80000,0x00000000d6d00000)
 ParOldGen       total 87552K, used 87511K [0x0000000080000000, 0x0000000085580000, 0x00000000d5580000)
  object space 87552K, 99% used [0x0000000080000000,0x0000000085575c60,0x0000000085580000)
 Metaspace       used 60279K, committed 61824K, reserved 1114112K
  class space    used 6481K, committed 7104K, reserved 1048576K
}
Event: 1450.011 GC heap after
{Heap after GC invocations=123 (full 3):
 PSYoungGen      total 19456K, used 2529K [0x00000000d5580000, 0x00000000d7100000, 0x0000000100000000)
  eden space 16896K, 0% used [0x00000000d5580000,0x00000000d5580000,0x00000000d6600000)
  from space 2560K, 98% used [0x00000000d6a80000,0x00000000d6cf8760,0x00000000d6d00000)
  to   space 4608K, 0% used [0x00000000d6600000,0x00000000d6600000,0x00000000d6a80000)
 ParOldGen       total 89088K, used 88813K [0x0000000080000000, 0x0000000085700000, 0x00000000d5580000)
  object space 89088K, 99% used [0x0000000080000000,0x00000000856bb608,0x0000000085700000)
 Metaspace       used 60279K, committed 61824K, reserved 1114112K
  class space    used 6481K, committed 7104K, reserved 1048576K
}
Event: 1450.065 GC heap before
{Heap before GC invocations=124 (full 3):
 PSYoungGen      total 19456K, used 19425K [0x00000000d5580000, 0x00000000d7100000, 0x0000000100000000)
  eden space 16896K, 100% used [0x00000000d5580000,0x00000000d6600000,0x00000000d6600000)
  from space 2560K, 98% used [0x00000000d6a80000,0x00000000d6cf8760,0x00000000d6d00000)
  to   space 4608K, 0% used [0x00000000d6600000,0x00000000d6600000,0x00000000d6a80000)
 ParOldGen       total 89088K, used 88813K [0x0000000080000000, 0x0000000085700000, 0x00000000d5580000)
  object space 89088K, 99% used [0x0000000080000000,0x00000000856bb608,0x0000000085700000)
 Metaspace       used 60478K, committed 61952K, reserved 1114112K
  class space    used 6493K, committed 7104K, reserved 1048576K
}
Event: 1450.071 GC heap after
{Heap after GC invocations=124 (full 3):
 PSYoungGen      total 18432K, used 1529K [0x00000000d5580000, 0x00000000d6b00000, 0x0000000100000000)
  eden space 16896K, 0% used [0x00000000d5580000,0x00000000d5580000,0x00000000d6600000)
  from space 1536K, 99% used [0x00000000d6600000,0x00000000d677e5b0,0x00000000d6780000)
  to   space 2560K, 0% used [0x00000000d6880000,0x00000000d6880000,0x00000000d6b00000)
 ParOldGen       total 91648K, used 91159K [0x0000000080000000, 0x0000000085980000, 0x00000000d5580000)
  object space 91648K, 99% used [0x0000000080000000,0x0000000085905d88,0x0000000085980000)
 Metaspace       used 60478K, committed 61952K, reserved 1114112K
  class space    used 6493K, committed 7104K, reserved 1048576K
}
Event: 1450.129 GC heap before
{Heap before GC invocations=125 (full 3):
 PSYoungGen      total 18432K, used 18425K [0x00000000d5580000, 0x00000000d6b00000, 0x0000000100000000)
  eden space 16896K, 100% used [0x00000000d5580000,0x00000000d6600000,0x00000000d6600000)
  from space 1536K, 99% used [0x00000000d6600000,0x00000000d677e5b0,0x00000000d6780000)
  to   space 2560K, 0% used [0x00000000d6880000,0x00000000d6880000,0x00000000d6b00000)
 ParOldGen       total 91648K, used 91159K [0x0000000080000000, 0x0000000085980000, 0x00000000d5580000)
  object space 91648K, 99% used [0x0000000080000000,0x0000000085905d88,0x0000000085980000)
 Metaspace       used 60691K, committed 62272K, reserved 1114112K
  class space    used 6513K, committed 7168K, reserved 1048576K
}
Event: 1450.132 GC heap after
{Heap after GC invocations=125 (full 3):
 PSYoungGen      total 18432K, used 1037K [0x00000000d5580000, 0x00000000d6a00000, 0x0000000100000000)
  eden space 16896K, 0% used [0x00000000d5580000,0x00000000d5580000,0x00000000d6600000)
  from space 1536K, 67% used [0x00000000d6880000,0x00000000d6983468,0x00000000d6a00000)
  to   space 1536K, 0% used [0x00000000d6600000,0x00000000d6600000,0x00000000d6780000)
 ParOldGen       total 91648K, used 91610K [0x0000000080000000, 0x0000000085980000, 0x00000000d5580000)
  object space 91648K, 99% used [0x0000000080000000,0x0000000085976888,0x0000000085980000)
 Metaspace       used 60691K, committed 62272K, reserved 1114112K
  class space    used 6513K, committed 7168K, reserved 1048576K
}
Event: 1450.238 GC heap before
{Heap before GC invocations=126 (full 3):
 PSYoungGen      total 18432K, used 17933K [0x00000000d5580000, 0x00000000d6a00000, 0x0000000100000000)
  eden space 16896K, 100% used [0x00000000d5580000,0x00000000d6600000,0x00000000d6600000)
  from space 1536K, 67% used [0x00000000d6880000,0x00000000d6983468,0x00000000d6a00000)
  to   space 1536K, 0% used [0x00000000d6600000,0x00000000d6600000,0x00000000d6780000)
 ParOldGen       total 91648K, used 91610K [0x0000000080000000, 0x0000000085980000, 0x00000000d5580000)
  object space 91648K, 99% used [0x0000000080000000,0x0000000085976888,0x0000000085980000)
 Metaspace       used 61335K, committed 62784K, reserved 1114112K
  class space    used 6562K, committed 7168K, reserved 1048576K
}
Event: 1450.240 GC heap after
{Heap after GC invocations=126 (full 3):
 PSYoungGen      total 18432K, used 1193K [0x00000000d5580000, 0x00000000d6900000, 0x0000000100000000)
  eden space 16896K, 0% used [0x00000000d5580000,0x00000000d5580000,0x00000000d6600000)
  from space 1536K, 77% used [0x00000000d6600000,0x00000000d672a400,0x00000000d6780000)
  to   space 1536K, 0% used [0x00000000d6780000,0x00000000d6780000,0x00000000d6900000)
 ParOldGen       total 92160K, used 91838K [0x0000000080000000, 0x0000000085a00000, 0x00000000d5580000)
  object space 92160K, 99% used [0x0000000080000000,0x00000000859afbd8,0x0000000085a00000)
 Metaspace       used 61335K, committed 62784K, reserved 1114112K
  class space    used 6562K, committed 7168K, reserved 1048576K
}
Event: 1450.427 GC heap before
{Heap before GC invocations=127 (full 3):
 PSYoungGen      total 18432K, used 18089K [0x00000000d5580000, 0x00000000d6900000, 0x0000000100000000)
  eden space 16896K, 100% used [0x00000000d5580000,0x00000000d6600000,0x00000000d6600000)
  from space 1536K, 77% used [0x00000000d6600000,0x00000000d672a400,0x00000000d6780000)
  to   space 1536K, 0% used [0x00000000d6780000,0x00000000d6780000,0x00000000d6900000)
 ParOldGen       total 92160K, used 91838K [0x0000000080000000, 0x0000000085a00000, 0x00000000d5580000)
  object space 92160K, 99% used [0x0000000080000000,0x00000000859afbd8,0x0000000085a00000)
 Metaspace       used 62765K, committed 64320K, reserved 1114112K
  class space    used 6703K, committed 7360K, reserved 1048576K
}
Event: 1450.430 GC heap after
{Heap after GC invocations=127 (full 3):
 PSYoungGen      total 18432K, used 1023K [0x00000000d5580000, 0x00000000d6900000, 0x0000000100000000)
  eden space 16896K, 0% used [0x00000000d5580000,0x00000000d5580000,0x00000000d6600000)
  from space 1536K, 66% used [0x00000000d6780000,0x00000000d687ffc0,0x00000000d6900000)
  to   space 1536K, 0% used [0x00000000d6600000,0x00000000d6600000,0x00000000d6780000)
 ParOldGen       total 92160K, used 92102K [0x0000000080000000, 0x0000000085a00000, 0x00000000d5580000)
  object space 92160K, 99% used [0x0000000080000000,0x00000000859f1bd8,0x0000000085a00000)
 Metaspace       used 62765K, committed 64320K, reserved 1114112K
  class space    used 6703K, committed 7360K, reserved 1048576K
}
Event: 1450.709 GC heap before
{Heap before GC invocations=128 (full 3):
 PSYoungGen      total 18432K, used 17919K [0x00000000d5580000, 0x00000000d6900000, 0x0000000100000000)
  eden space 16896K, 100% used [0x00000000d5580000,0x00000000d6600000,0x00000000d6600000)
  from space 1536K, 66% used [0x00000000d6780000,0x00000000d687ffc0,0x00000000d6900000)
  to   space 1536K, 0% used [0x00000000d6600000,0x00000000d6600000,0x00000000d6780000)
 ParOldGen       total 92160K, used 92102K [0x0000000080000000, 0x0000000085a00000, 0x00000000d5580000)
  object space 92160K, 99% used [0x0000000080000000,0x00000000859f1bd8,0x0000000085a00000)
 Metaspace       used 63672K, committed 65216K, reserved 1114112K
  class space    used 6790K, committed 7424K, reserved 1048576K
}
Event: 1450.713 GC heap after
{Heap after GC invocations=128 (full 3):
 PSYoungGen      total 18432K, used 1504K [0x00000000d5580000, 0x00000000d6c00000, 0x0000000100000000)
  eden space 16896K, 0% used [0x00000000d5580000,0x00000000d5580000,0x00000000d6600000)
  from space 1536K, 97% used [0x00000000d6600000,0x00000000d6778020,0x00000000d6780000)
  to   space 3072K, 0% used [0x00000000d6900000,0x00000000d6900000,0x00000000d6c00000)
 ParOldGen       total 93696K, used 93303K [0x0000000080000000, 0x0000000085b80000, 0x00000000d5580000)
  object space 93696K, 99% used [0x0000000080000000,0x0000000085b1dca0,0x0000000085b80000)
 Metaspace       used 63672K, committed 65216K, reserved 1114112K
  class space    used 6790K, committed 7424K, reserved 1048576K
}
Event: 1450.968 GC heap before
{Heap before GC invocations=129 (full 3):
 PSYoungGen      total 18432K, used 18400K [0x00000000d5580000, 0x00000000d6c00000, 0x0000000100000000)
  eden space 16896K, 100% used [0x00000000d5580000,0x00000000d6600000,0x00000000d6600000)
  from space 1536K, 97% used [0x00000000d6600000,0x00000000d6778020,0x00000000d6780000)
  to   space 3072K, 0% used [0x00000000d6900000,0x00000000d6900000,0x00000000d6c00000)
 ParOldGen       total 93696K, used 93303K [0x0000000080000000, 0x0000000085b80000, 0x00000000d5580000)
  object space 93696K, 99% used [0x0000000080000000,0x0000000085b1dca0,0x0000000085b80000)
 Metaspace       used 64022K, committed 65536K, reserved 1114112K
  class space    used 6801K, committed 7424K, reserved 1048576K
}
Event: 1450.973 GC heap after
{Heap after GC invocations=129 (full 3):
 PSYoungGen      total 19456K, used 2304K [0x00000000d5580000, 0x00000000d6b80000, 0x0000000100000000)
  eden space 16896K, 0% used [0x00000000d5580000,0x00000000d5580000,0x00000000d6600000)
  from space 2560K, 90% used [0x00000000d6900000,0x00000000d6b40030,0x00000000d6b80000)
  to   space 2560K, 0% used [0x00000000d6680000,0x00000000d6680000,0x00000000d6900000)
 ParOldGen       total 94720K, used 94550K [0x0000000080000000, 0x0000000085c80000, 0x00000000d5580000)
  object space 94720K, 99% used [0x0000000080000000,0x0000000085c55bf8,0x0000000085c80000)
 Metaspace       used 64022K, committed 65536K, reserved 1114112K
  class space    used 6801K, committed 7424K, reserved 1048576K
}
Event: 1451.207 GC heap before
{Heap before GC invocations=130 (full 3):
 PSYoungGen      total 19456K, used 19200K [0x00000000d5580000, 0x00000000d6b80000, 0x0000000100000000)
  eden space 16896K, 100% used [0x00000000d5580000,0x00000000d6600000,0x00000000d6600000)
  from space 2560K, 90% used [0x00000000d6900000,0x00000000d6b40030,0x00000000d6b80000)
  to   space 2560K, 0% used [0x00000000d6680000,0x00000000d6680000,0x00000000d6900000)
 ParOldGen       total 94720K, used 94550K [0x0000000080000000, 0x0000000085c80000, 0x00000000d5580000)
  object space 94720K, 99% used [0x0000000080000000,0x0000000085c55bf8,0x0000000085c80000)
 Metaspace       used 64484K, committed 66048K, reserved 1114112K
  class space    used 6830K, committed 7488K, reserved 1048576K
}
Event: 1451.212 GC heap after
{Heap after GC invocations=130 (full 3):
 PSYoungGen      total 18432K, used 1457K [0x00000000d5580000, 0x00000000d6a00000, 0x0000000100000000)
  eden space 16896K, 0% used [0x00000000d5580000,0x00000000d5580000,0x00000000d6600000)
  from space 1536K, 94% used [0x00000000d6680000,0x00000000d67ec540,0x00000000d6800000)
  to   space 2048K, 0% used [0x00000000d6800000,0x00000000d6800000,0x00000000d6a00000)
 ParOldGen       total 96768K, used 96623K [0x0000000080000000, 0x0000000085e80000, 0x00000000d5580000)
  object space 96768K, 99% used [0x0000000080000000,0x0000000085e5bc38,0x0000000085e80000)
 Metaspace       used 64484K, committed 66048K, reserved 1114112K
  class space    used 6830K, committed 7488K, reserved 1048576K
}

