# JRE version: OpenJDK Runtime Environment Temurin-21.0.11+10 (21.0.11+10) (build 21.0.11+10-LTS)
# Java VM: OpenJDK 64-Bit Server VM Temurin-21.0.11+10 (21.0.11+10-LTS, mixed mode, sharing, tiered, compressed oops, compressed class ptrs, parallel gc, windows-amd64)
GC Precious Log:
 CardTable entry size: 512
 CPUs: 8 total, 8 available
 Memory: 7975M
 Large Page Support: Disabled
 NUMA Support: Disabled
 Compressed Oops: Enabled (32-bit)
 Alignments: Space 512K, Generation 512K, Heap 2M
 Heap Min Capacity: 100M
 Heap Initial Capacity: 100M
 Heap Max Capacity: 2G
 Pre-touch: Disabled
 Parallel Workers: 8
Heap:
 PSYoungGen      total 14848K, used 10694K [0x00000000d5580000, 0x00000000d6880000, 0x0000000100000000)
  eden space 14336K, 71% used [0x00000000d5580000,0x00000000d5f718f0,0x00000000d6380000)
  from space 512K, 100% used [0x00000000d6600000,0x00000000d6680000,0x00000000d6680000)
  to   space 2560K, 0% used [0x00000000d6380000,0x00000000d6380000,0x00000000d6600000)
 ParOldGen       total 102912K, used 102709K [0x0000000080000000, 0x0000000086480000, 0x00000000d5580000)
  object space 102912K, 99% used [0x0000000080000000,0x000000008644d6e0,0x0000000086480000)
 Metaspace       used 71703K, committed 73216K, reserved 1179648K
  class space    used 7656K, committed 8256K, reserved 1048576K
GC Heap History (20 events):
Event: 112.471 GC heap before
{Heap before GC invocations=118 (full 3):
 PSYoungGen      total 16384K, used 15997K [0x00000000d5580000, 0x00000000d6680000, 0x0000000100000000)
  eden space 15360K, 100% used [0x00000000d5580000,0x00000000d6480000,0x00000000d6480000)
  from space 1024K, 62% used [0x00000000d6580000,0x00000000d661f400,0x00000000d6680000)
  to   space 1024K, 0% used [0x00000000d6480000,0x00000000d6480000,0x00000000d6580000)
 ParOldGen       total 93696K, used 93338K [0x0000000080000000, 0x0000000085b80000, 0x00000000d5580000)
  object space 93696K, 99% used [0x0000000080000000,0x0000000085b269c0,0x0000000085b80000)
 Metaspace       used 64567K, committed 65984K, reserved 1114112K
  class space    used 6968K, committed 7552K, reserved 1048576K
}
Event: 112.474 GC heap after
{Heap after GC invocations=118 (full 3):
 PSYoungGen      total 16384K, used 747K [0x00000000d5580000, 0x00000000d6680000, 0x0000000100000000)
  eden space 15360K, 0% used [0x00000000d5580000,0x00000000d5580000,0x00000000d6480000)
  from space 1024K, 72% used [0x00000000d6480000,0x00000000d653ad18,0x00000000d6580000)
  to   space 1024K, 0% used [0x00000000d6580000,0x00000000d6580000,0x00000000d6680000)
 ParOldGen       total 94208K, used 93811K [0x0000000080000000, 0x0000000085c00000, 0x00000000d5580000)
  object space 94208K, 99% used [0x0000000080000000,0x0000000085b9ce48,0x0000000085c00000)
 Metaspace       used 64567K, committed 65984K, reserved 1114112K
  class space    used 6968K, committed 7552K, reserved 1048576K
}
Event: 112.723 GC heap before
{Heap before GC invocations=119 (full 3):
 PSYoungGen      total 16384K, used 16107K [0x00000000d5580000, 0x00000000d6680000, 0x0000000100000000)
  eden space 15360K, 100% used [0x00000000d5580000,0x00000000d6480000,0x00000000d6480000)
  from space 1024K, 72% used [0x00000000d6480000,0x00000000d653ad18,0x00000000d6580000)
  to   space 1024K, 0% used [0x00000000d6580000,0x00000000d6580000,0x00000000d6680000)
 ParOldGen       total 94208K, used 93811K [0x0000000080000000, 0x0000000085c00000, 0x00000000d5580000)
  object space 94208K, 99% used [0x0000000080000000,0x0000000085b9ce48,0x0000000085c00000)
 Metaspace       used 65888K, committed 67328K, reserved 1114112K
  class space    used 7082K, committed 7680K, reserved 1048576K
}
Event: 112.729 GC heap after
{Heap after GC invocations=119 (full 3):
 PSYoungGen      total 15360K, used 1010K [0x00000000d5580000, 0x00000000d6880000, 0x0000000100000000)
  eden space 14336K, 0% used [0x00000000d5580000,0x00000000d5580000,0x00000000d6380000)
  from space 1024K, 98% used [0x00000000d6580000,0x00000000d667c820,0x00000000d6680000)
  to   space 2048K, 0% used [0x00000000d6380000,0x00000000d6380000,0x00000000d6580000)
 ParOldGen       total 94720K, used 94499K [0x0000000080000000, 0x0000000085c80000, 0x00000000d5580000)
  object space 94720K, 99% used [0x0000000080000000,0x0000000085c48fd0,0x0000000085c80000)
 Metaspace       used 65888K, committed 67328K, reserved 1114112K
  class space    used 7082K, committed 7680K, reserved 1048576K
}
Event: 112.893 GC heap before
{Heap before GC invocations=120 (full 3):
 PSYoungGen      total 15360K, used 15346K [0x00000000d5580000, 0x00000000d6880000, 0x0000000100000000)
  eden space 14336K, 99% used [0x00000000d5580000,0x00000000d637fff0,0x00000000d6380000)
  from space 1024K, 98% used [0x00000000d6580000,0x00000000d667c820,0x00000000d6680000)
  to   space 2048K, 0% used [0x00000000d6380000,0x00000000d6380000,0x00000000d6580000)
 ParOldGen       total 94720K, used 94499K [0x0000000080000000, 0x0000000085c80000, 0x00000000d5580000)
  object space 94720K, 99% used [0x0000000080000000,0x0000000085c48fd0,0x0000000085c80000)
 Metaspace       used 66094K, committed 67520K, reserved 1114112K
  class space    used 7106K, committed 7680K, reserved 1048576K
}
Event: 112.898 GC heap after
{Heap after GC invocations=120 (full 3):
 PSYoungGen      total 15872K, used 1376K [0x00000000d5580000, 0x00000000d6680000, 0x0000000100000000)
  eden space 14336K, 0% used [0x00000000d5580000,0x00000000d5580000,0x00000000d6380000)
  from space 1536K, 89% used [0x00000000d6380000,0x00000000d64d8000,0x00000000d6500000)
  to   space 1536K, 0% used [0x00000000d6500000,0x00000000d6500000,0x00000000d6680000)
 ParOldGen       total 95744K, used 95461K [0x0000000080000000, 0x0000000085d80000, 0x00000000d5580000)
  object space 95744K, 99% used [0x0000000080000000,0x0000000085d397f0,0x0000000085d80000)
 Metaspace       used 66094K, committed 67520K, reserved 1114112K
  class space    used 7106K, committed 7680K, reserved 1048576K
}
Event: 113.070 GC heap before
{Heap before GC invocations=121 (full 3):
 PSYoungGen      total 15872K, used 15712K [0x00000000d5580000, 0x00000000d6680000, 0x0000000100000000)
  eden space 14336K, 100% used [0x00000000d5580000,0x00000000d6380000,0x00000000d6380000)
  from space 1536K, 89% used [0x00000000d6380000,0x00000000d64d8000,0x00000000d6500000)
  to   space 1536K, 0% used [0x00000000d6500000,0x00000000d6500000,0x00000000d6680000)
 ParOldGen       total 95744K, used 95461K [0x0000000080000000, 0x0000000085d80000, 0x00000000d5580000)
  object space 95744K, 99% used [0x0000000080000000,0x0000000085d397f0,0x0000000085d80000)
 Metaspace       used 66332K, committed 67776K, reserved 1114112K
  class space    used 7128K, committed 7744K, reserved 1048576K
}
Event: 113.075 GC heap after
{Heap after GC invocations=121 (full 3):
 PSYoungGen      total 15872K, used 1390K [0x00000000d5580000, 0x00000000d6680000, 0x0000000100000000)
  eden space 14336K, 0% used [0x00000000d5580000,0x00000000d5580000,0x00000000d6380000)
  from space 1536K, 90% used [0x00000000d6500000,0x00000000d665ba48,0x00000000d6680000)
  to   space 1536K, 0% used [0x00000000d6380000,0x00000000d6380000,0x00000000d6500000)
 ParOldGen       total 96768K, used 96741K [0x0000000080000000, 0x0000000085e80000, 0x00000000d5580000)
  object space 96768K, 99% used [0x0000000080000000,0x0000000085e797f0,0x0000000085e80000)
 Metaspace       used 66332K, committed 67776K, reserved 1114112K
  class space    used 7128K, committed 7744K, reserved 1048576K
}
Event: 113.304 GC heap before
{Heap before GC invocations=122 (full 3):
 PSYoungGen      total 15872K, used 15726K [0x00000000d5580000, 0x00000000d6680000, 0x0000000100000000)
  eden space 14336K, 100% used [0x00000000d5580000,0x00000000d6380000,0x00000000d6380000)
  from space 1536K, 90% used [0x00000000d6500000,0x00000000d665ba48,0x00000000d6680000)
  to   space 1536K, 0% used [0x00000000d6380000,0x00000000d6380000,0x00000000d6500000)
 ParOldGen       total 96768K, used 96741K [0x0000000080000000, 0x0000000085e80000, 0x00000000d5580000)
  object space 96768K, 99% used [0x0000000080000000,0x0000000085e797f0,0x0000000085e80000)
 Metaspace       used 66818K, committed 68352K, reserved 1114112K
  class space    used 7199K, committed 7808K, reserved 1048576K
}
Event: 113.310 GC heap after
{Heap after GC invocations=122 (full 3):
 PSYoungGen      total 15872K, used 1522K [0x00000000d5580000, 0x00000000d6b80000, 0x0000000100000000)
  eden space 14336K, 0% used [0x00000000d5580000,0x00000000d5580000,0x00000000d6380000)
  from space 1536K, 99% used [0x00000000d6380000,0x00000000d64fcb40,0x00000000d6500000)
  to   space 4096K, 0% used [0x00000000d6780000,0x00000000d6780000,0x00000000d6b80000)
 ParOldGen       total 98816K, used 98630K [0x0000000080000000, 0x0000000086080000, 0x00000000d5580000)
  object space 98816K, 99% used [0x0000000080000000,0x0000000086051b28,0x0000000086080000)
 Metaspace       used 66818K, committed 68352K, reserved 1114112K
  class space    used 7199K, committed 7808K, reserved 1048576K
}
Event: 113.604 GC heap before
{Heap before GC invocations=123 (full 3):
 PSYoungGen      total 15872K, used 15858K [0x00000000d5580000, 0x00000000d6b80000, 0x0000000100000000)
  eden space 14336K, 100% used [0x00000000d5580000,0x00000000d6380000,0x00000000d6380000)
  from space 1536K, 99% used [0x00000000d6380000,0x00000000d64fcb40,0x00000000d6500000)
  to   space 4096K, 0% used [0x00000000d6780000,0x00000000d6780000,0x00000000d6b80000)
 ParOldGen       total 98816K, used 98630K [0x0000000080000000, 0x0000000086080000, 0x00000000d5580000)
  object space 98816K, 99% used [0x0000000080000000,0x0000000086051b28,0x0000000086080000)
 Metaspace       used 67276K, committed 68800K, reserved 1114112K
  class space    used 7253K, committed 7872K, reserved 1048576K
}
Event: 113.612 GC heap after
{Heap after GC invocations=123 (full 3):
 PSYoungGen      total 16384K, used 1967K [0x00000000d5580000, 0x00000000d6980000, 0x0000000100000000)
  eden space 14336K, 0% used [0x00000000d5580000,0x00000000d5580000,0x00000000d6380000)
  from space 2048K, 96% used [0x00000000d6780000,0x00000000d696bee8,0x00000000d6980000)
  to   space 2560K, 0% used [0x00000000d6480000,0x00000000d6480000,0x00000000d6700000)
 ParOldGen       total 100352K, used 99872K [0x0000000080000000, 0x0000000086200000, 0x00000000d5580000)
  object space 100352K, 99% used [0x0000000080000000,0x0000000086188388,0x0000000086200000)
 Metaspace       used 67276K, committed 68800K, reserved 1114112K
  class space    used 7253K, committed 7872K, reserved 1048576K
}
Event: 113.799 GC heap before
{Heap before GC invocations=124 (full 3):
 PSYoungGen      total 16384K, used 16284K [0x00000000d5580000, 0x00000000d6980000, 0x0000000100000000)
  eden space 14336K, 99% used [0x00000000d5580000,0x00000000d637b2a0,0x00000000d6380000)
  from space 2048K, 96% used [0x00000000d6780000,0x00000000d696bee8,0x00000000d6980000)
  to   space 2560K, 0% used [0x00000000d6480000,0x00000000d6480000,0x00000000d6700000)
 ParOldGen       total 100352K, used 99872K [0x0000000080000000, 0x0000000086200000, 0x00000000d5580000)
  object space 100352K, 99% used [0x0000000080000000,0x0000000086188388,0x0000000086200000)
 Metaspace       used 67387K, committed 68864K, reserved 1114112K
  class space    used 7253K, committed 7872K, reserved 1048576K
}
Event: 113.805 GC heap after
{Heap after GC invocations=124 (full 3):
 PSYoungGen      total 15872K, used 1161K [0x00000000d5580000, 0x00000000d6800000, 0x0000000100000000)
  eden space 14336K, 0% used [0x00000000d5580000,0x00000000d5580000,0x00000000d6380000)
  from space 1536K, 75% used [0x00000000d6480000,0x00000000d65a2710,0x00000000d6600000)
  to   space 2048K, 0% used [0x00000000d6600000,0x00000000d6600000,0x00000000d6800000)
 ParOldGen       total 100864K, used 100704K [0x0000000080000000, 0x0000000086280000, 0x00000000d5580000)
  object space 100864K, 99% used [0x0000000080000000,0x0000000086258398,0x0000000086280000)
 Metaspace       used 67387K, committed 68864K, reserved 1114112K
  class space    used 7253K, committed 7872K, reserved 1048576K
}
Event: 114.116 GC heap before
{Heap before GC invocations=125 (full 3):
 PSYoungGen      total 15872K, used 15497K [0x00000000d5580000, 0x00000000d6800000, 0x0000000100000000)
  eden space 14336K, 100% used [0x00000000d5580000,0x00000000d6380000,0x00000000d6380000)
  from space 1536K, 75% used [0x00000000d6480000,0x00000000d65a2710,0x00000000d6600000)
  to   space 2048K, 0% used [0x00000000d6600000,0x00000000d6600000,0x00000000d6800000)
 ParOldGen       total 100864K, used 100704K [0x0000000080000000, 0x0000000086280000, 0x00000000d5580000)
  object space 100864K, 99% used [0x0000000080000000,0x0000000086258398,0x0000000086280000)
 Metaspace       used 68082K, committed 69568K, reserved 1114112K
  class space    used 7312K, committed 7936K, reserved 1048576K
}
Event: 114.122 GC heap after
{Heap after GC invocations=125 (full 3):
 PSYoungGen      total 15360K, used 648K [0x00000000d5580000, 0x00000000d6700000, 0x0000000100000000)
  eden space 14336K, 0% used [0x00000000d5580000,0x00000000d5580000,0x00000000d6380000)
  from space 1024K, 63% used [0x00000000d6600000,0x00000000d66a2388,0x00000000d6700000)
  to   space 1024K, 0% used [0x00000000d6500000,0x00000000d6500000,0x00000000d6600000)
 ParOldGen       total 101376K, used 100880K [0x0000000080000000, 0x0000000086300000, 0x00000000d5580000)
  object space 101376K, 99% used [0x0000000080000000,0x0000000086284398,0x0000000086300000)
 Metaspace       used 68082K, committed 69568K, reserved 1114112K
  class space    used 7312K, committed 7936K, reserved 1048576K
}
Event: 114.671 GC heap before
{Heap before GC invocations=126 (full 3):
 PSYoungGen      total 15360K, used 14984K [0x00000000d5580000, 0x00000000d6700000, 0x0000000100000000)
  eden space 14336K, 100% used [0x00000000d5580000,0x00000000d6380000,0x00000000d6380000)
  from space 1024K, 63% used [0x00000000d6600000,0x00000000d66a2388,0x00000000d6700000)
  to   space 1024K, 0% used [0x00000000d6500000,0x00000000d6500000,0x00000000d6600000)
 ParOldGen       total 101376K, used 100880K [0x0000000080000000, 0x0000000086300000, 0x00000000d5580000)
  object space 101376K, 99% used [0x0000000080000000,0x0000000086284398,0x0000000086300000)
 Metaspace       used 69902K, committed 71424K, reserved 1114112K
  class space    used 7477K, committed 8064K, reserved 1048576K
}
Event: 114.677 GC heap after
{Heap after GC invocations=126 (full 3):
 PSYoungGen      total 15360K, used 849K [0x00000000d5580000, 0x00000000d6680000, 0x0000000100000000)
  eden space 14336K, 0% used [0x00000000d5580000,0x00000000d5580000,0x00000000d6380000)
  from space 1024K, 82% used [0x00000000d6500000,0x00000000d65d4700,0x00000000d6600000)
  to   space 512K, 0% used [0x00000000d6600000,0x00000000d6600000,0x00000000d6680000)
 ParOldGen       total 101376K, used 101309K [0x0000000080000000, 0x0000000086300000, 0x00000000d5580000)
  object space 101376K, 99% used [0x0000000080000000,0x00000000862ef6e0,0x0000000086300000)
 Metaspace       used 69902K, committed 71424K, reserved 1114112K
  class space    used 7477K, committed 8064K, reserved 1048576K
}
Event: 115.328 GC heap before
{Heap before GC invocations=127 (full 3):
 PSYoungGen      total 15360K, used 15185K [0x00000000d5580000, 0x00000000d6680000, 0x0000000100000000)
  eden space 14336K, 100% used [0x00000000d5580000,0x00000000d6380000,0x00000000d6380000)
  from space 1024K, 82% used [0x00000000d6500000,0x00000000d65d4700,0x00000000d6600000)
  to   space 512K, 0% used [0x00000000d6600000,0x00000000d6600000,0x00000000d6680000)
 ParOldGen       total 101376K, used 101309K [0x0000000080000000, 0x0000000086300000, 0x00000000d5580000)
  object space 101376K, 99% used [0x0000000080000000,0x00000000862ef6e0,0x0000000086300000)
 Metaspace       used 71267K, committed 72704K, reserved 1114112K
  class space    used 7616K, committed 8192K, reserved 1048576K
}
Event: 115.334 GC heap after
{Heap after GC invocations=127 (full 3):
 PSYoungGen      total 14848K, used 512K [0x00000000d5580000, 0x00000000d6880000, 0x0000000100000000)
  eden space 14336K, 0% used [0x00000000d5580000,0x00000000d5580000,0x00000000d6380000)
  from space 512K, 100% used [0x00000000d6600000,0x00000000d6680000,0x00000000d6680000)
  to   space 2560K, 0% used [0x00000000d6380000,0x00000000d6380000,0x00000000d6600000)
 ParOldGen       total 102912K, used 102709K [0x0000000080000000, 0x0000000086480000, 0x00000000d5580000)
  object space 102912K, 99% used [0x0000000080000000,0x000000008644d6e0,0x0000000086480000)
 Metaspace       used 71267K, committed 72704K, reserved 1114112K
  class space    used 7616K, committed 8192K, reserved 1048576K
}

